Total messages: 20 (Errors: 20, Warnings: 0)

[ERROR] Failed to load resource: the server responded with a status of 500 (Internal Server Error) @ http://localhost:3000/api/bseSFaCKLbly1NATs9b/ai/config:0
[ERROR] Failed to load resource: the server responded with a status of 500 (Internal Server Error) @ http://localhost:3000/api/template/by-base/bseSFaCKLbly1NATs9b:0
[ERROR] Failed to load resource: the server responded with a status of 500 (Internal Server Error) @ http://localhost:3000/api/base/bseSFaCKLbly1NATs9b/share:0
[ERROR] Failed to load resource: the server responded with a status of 500 (Internal Server Error) @ http://localhost:3000/api/admin/setting/public:0
[ERROR] Failed to load resource: the server responded with a status of 500 (Internal Server Error) @ http://localhost:3000/api/bseSFaCKLbly1NATs9b/ai/disable-ai-actions:0
[ERROR] Failed to load resource: the server responded with a status of 500 (Internal Server Error) @ http://localhost:3000/api/user/last-visit/map?resourceType=table&parentResourceId=bseSFaCKLbly1NATs9b:0
[ERROR] Failed to load resource: the server responded with a status of 500 (Internal Server Error) @ http://localhost:3000/api/auth/user/me:0
[ERROR] Failed to load resource: the server responded with a status of 500 (Internal Server Error) @ http://localhost:3000/api/user/last-visit:0
[ERROR] Failed to load resource: the server responded with a status of 500 (Internal Server Error) @ http://localhost:3000/api/base/bseSFaCKLbly1NATs9b/node/tree:0
[ERROR] Failed to load resource: the server responded with a status of 500 (Internal Server Error) @ http://localhost:3000/api/notifications/unread-count:0
[ERROR] Failed to load resource: the server responded with a status of 500 (Internal Server Error) @ http://localhost:3000/api/space:0
[ERROR] Failed to load resource: the server responded with a status of 500 (Internal Server Error) @ http://localhost:3000/api/pin/list:0
[ERROR] Failed to load resource: the server responded with a status of 500 (Internal Server Error) @ http://localhost:3000/api/agent?baseId=bseSFaCKLbly1NATs9b:0
[ERROR] Failed to load resource: the server responded with a status of 500 (Internal Server Error) @ http://localhost:3000/api/user/last-visit:0
[ERROR] Failed to load resource: the server responded with a status of 500 (Internal Server Error) @ http://localhost:3000/api/table/tbl8oc4Mxef3UdB6S73/aggregation?viewId=viwYBW0Z0nGqC3dyjNN:0
[ERROR] Failed to load resource: the server responded with a status of 500 (Internal Server Error) @ http://localhost:3000/api/base/bseSFaCKLbly1NATs9b/table/tbl8oc4Mxef3UdB6S73/activated-index:0
[ERROR] Failed to load resource: the server responded with a status of 500 (Internal Server Error) @ http://localhost:3000/api/table/tbl8oc4Mxef3UdB6S73/view/viwYBW0Z0nGqC3dyjNN/filter-link-records:0
[ERROR] Failed to load resource: the server responded with a status of 500 (Internal Server Error) @ http://localhost:3000/api/bseSFaCKLbly1NATs9b/ai/config:0
r: Internal Server Error
    at http://localhost:3000/_next/static/chunks/d2f1bbfb814aab0b.js:1:287214
    at async tl.request (http://localhost:3000/_next/static/chunks/d2f1bbfb814aab0b.js:1:281241)
    at tl.request (http://localhost:3000/_next/static/chunks/d2f1bbfb814aab0b.js:1:281334)
r: Internal Server Error
    at http://localhost:3000/_next/static/chunks/d2f1bbfb814aab0b.js:1:287214
    at async tl.request (http://localhost:3000/_next/static/chunks/d2f1bbfb814aab0b.js:1:281241)
    at tl.request (http://localhost:3000/_next/static/chunks/d2f1bbfb814aab0b.js:1:281334)